<?xml version="1.0" encoding="UTF-8"?>
<coverage generated="1572803617145" clover="3.2.0">
  <project timestamp="1572803617145" name="All files">
    <metrics statements="19" coveredstatements="19" conditionals="28" coveredconditionals="28" methods="4" coveredmethods="4" elements="51" coveredelements="51" complexity="0" loc="19" ncloc="19" packages="1" files="1" classes="1"/>
    <file name="ReactCardFlip.tsx" path="/home/aaron/Documents/react-card-flip/src/ReactCardFlip.tsx">
      <metrics statements="19" coveredstatements="19" conditionals="28" coveredconditionals="28" methods="4" coveredmethods="4"/>
      <line num="3" count="1" type="stmt"/>
      <line num="15" count="22" type="stmt"/>
      <line num="17" count="22" type="stmt"/>
      <line num="18" count="22" type="stmt"/>
      <line num="20" count="22" type="stmt"/>
      <line num="21" count="12" type="cond" truecount="2" falsecount="0"/>
      <line num="22" count="7" type="stmt"/>
      <line num="23" count="7" type="stmt"/>
      <line num="27" count="22" type="stmt"/>
      <line num="28" count="42" type="cond" truecount="2" falsecount="0"/>
      <line num="29" count="2" type="stmt"/>
      <line num="33" count="40" type="stmt"/>
      <line num="36" count="22" type="stmt"/>
      <line num="39" count="22" type="stmt"/>
      <line num="42" count="22" type="stmt"/>
      <line num="45" count="22" type="stmt"/>
      <line num="49" count="22" type="stmt"/>
      <line num="88" count="22" type="stmt"/>
      <line num="106" count="1" type="stmt"/>
    </file>
  </project>
</coverage>
