{"/home/aaron/Documents/react-card-flip/src/ReactCardFlip.tsx": {"path":"/home/aaron/Documents/react-card-flip/src/ReactCardFlip.tsx","statementMap":{"0":{"start":{"line":3,"column":52},"end":{"line":104,"column":1}},"1":{"start":{"line":15,"column":6},"end":{"line":15,"column":11}},"2":{"start":{"line":17,"column":34},"end":{"line":17,"column":59}},"3":{"start":{"line":18,"column":34},"end":{"line":18,"column":45}},"4":{"start":{"line":20,"column":2},"end":{"line":25,"column":24}},"5":{"start":{"line":21,"column":4},"end":{"line":24,"column":5}},"6":{"start":{"line":22,"column":6},"end":{"line":22,"column":34}},"7":{"start":{"line":23,"column":6},"end":{"line":23,"column":32}},"8":{"start":{"line":23,"column":23},"end":{"line":23,"column":30}},"9":{"start":{"line":27,"column":23},"end":{"line":34,"column":3}},"10":{"start":{"line":28,"column":4},"end":{"line":32,"column":5}},"11":{"start":{"line":29,"column":6},"end":{"line":31,"column":8}},"12":{"start":{"line":33,"column":4},"end":{"line":33,"column":31}},"13":{"start":{"line":36,"column":23},"end":{"line":38,"column":8}},"14":{"start":{"line":39,"column":22},"end":{"line":41,"column":8}},"15":{"start":{"line":42,"column":23},"end":{"line":44,"column":8}},"16":{"start":{"line":45,"column":22},"end":{"line":47,"column":8}},"17":{"start":{"line":49,"column":22},"end":{"line":86,"column":3}},"18":{"start":{"line":88,"column":2},"end":{"line":103,"column":4}},"19":{"start":{"line":106,"column":0},"end":{"line":118,"column":2}}},"fnMap":{"0":{"name":"(anonymous_0)","decl":{"start":{"line":3,"column":52},"end":{"line":3,"column":53}},"loc":{"start":{"line":3,"column":61},"end":{"line":104,"column":1}},"line":3},"1":{"name":"(anonymous_1)","decl":{"start":{"line":20,"column":12},"end":{"line":20,"column":13}},"loc":{"start":{"line":20,"column":18},"end":{"line":25,"column":3}},"line":20},"2":{"name":"(anonymous_2)","decl":{"start":{"line":23,"column":18},"end":{"line":23,"column":19}},"loc":{"start":{"line":23,"column":23},"end":{"line":23,"column":30}},"line":23},"3":{"name":"(anonymous_3)","decl":{"start":{"line":27,"column":23},"end":{"line":27,"column":24}},"loc":{"start":{"line":27,"column":39},"end":{"line":34,"column":3}},"line":27}},"branchMap":{"0":{"loc":{"start":{"line":21,"column":4},"end":{"line":24,"column":5}},"type":"if","locations":[{"start":{"line":21,"column":4},"end":{"line":24,"column":5}},{"start":{"line":21,"column":4},"end":{"line":24,"column":5}}],"line":21},"1":{"loc":{"start":{"line":28,"column":4},"end":{"line":32,"column":5}},"type":"if","locations":[{"start":{"line":28,"column":4},"end":{"line":32,"column":5}},{"start":{"line":28,"column":4},"end":{"line":32,"column":5}}],"line":28},"2":{"loc":{"start":{"line":37,"column":4},"end":{"line":37,"column":45}},"type":"cond-expr","locations":[{"start":{"line":37,"column":15},"end":{"line":37,"column":23}},{"start":{"line":37,"column":26},"end":{"line":37,"column":45}}],"line":37},"3":{"loc":{"start":{"line":37,"column":26},"end":{"line":37,"column":45}},"type":"cond-expr","locations":[{"start":{"line":37,"column":38},"end":{"line":37,"column":41}},{"start":{"line":37,"column":44},"end":{"line":37,"column":45}}],"line":37},"4":{"loc":{"start":{"line":40,"column":4},"end":{"line":40,"column":52}},"type":"cond-expr","locations":[{"start":{"line":40,"column":15},"end":{"line":40,"column":29}},{"start":{"line":40,"column":32},"end":{"line":40,"column":52}}],"line":40},"5":{"loc":{"start":{"line":40,"column":32},"end":{"line":40,"column":52}},"type":"cond-expr","locations":[{"start":{"line":40,"column":44},"end":{"line":40,"column":45}},{"start":{"line":40,"column":48},"end":{"line":40,"column":52}}],"line":40},"6":{"loc":{"start":{"line":43,"column":4},"end":{"line":43,"column":45}},"type":"cond-expr","locations":[{"start":{"line":43,"column":15},"end":{"line":43,"column":23}},{"start":{"line":43,"column":26},"end":{"line":43,"column":45}}],"line":43},"7":{"loc":{"start":{"line":43,"column":26},"end":{"line":43,"column":45}},"type":"cond-expr","locations":[{"start":{"line":43,"column":38},"end":{"line":43,"column":41}},{"start":{"line":43,"column":44},"end":{"line":43,"column":45}}],"line":43},"8":{"loc":{"start":{"line":46,"column":4},"end":{"line":46,"column":52}},"type":"cond-expr","locations":[{"start":{"line":46,"column":15},"end":{"line":46,"column":29}},{"start":{"line":46,"column":32},"end":{"line":46,"column":52}}],"line":46},"9":{"loc":{"start":{"line":46,"column":32},"end":{"line":46,"column":52}},"type":"cond-expr","locations":[{"start":{"line":46,"column":44},"end":{"line":46,"column":45}},{"start":{"line":46,"column":48},"end":{"line":46,"column":52}}],"line":46},"10":{"loc":{"start":{"line":63,"column":16},"end":{"line":63,"column":51}},"type":"cond-expr","locations":[{"start":{"line":63,"column":28},"end":{"line":63,"column":38}},{"start":{"line":63,"column":41},"end":{"line":63,"column":51}}],"line":63},"11":{"loc":{"start":{"line":65,"column":17},"end":{"line":65,"column":77}},"type":"cond-expr","locations":[{"start":{"line":65,"column":50},"end":{"line":65,"column":62}},{"start":{"line":65,"column":65},"end":{"line":65,"column":77}}],"line":65},"12":{"loc":{"start":{"line":77,"column":16},"end":{"line":77,"column":51}},"type":"cond-expr","locations":[{"start":{"line":77,"column":28},"end":{"line":77,"column":38}},{"start":{"line":77,"column":41},"end":{"line":77,"column":51}}],"line":77},"13":{"loc":{"start":{"line":78,"column":17},"end":{"line":78,"column":75}},"type":"cond-expr","locations":[{"start":{"line":78,"column":50},"end":{"line":78,"column":61}},{"start":{"line":78,"column":64},"end":{"line":78,"column":75}}],"line":78}},"s":{"0":1,"1":22,"2":22,"3":22,"4":22,"5":12,"6":7,"7":7,"8":7,"9":22,"10":42,"11":2,"12":40,"13":22,"14":22,"15":22,"16":22,"17":22,"18":22,"19":1},"f":{"0":22,"1":12,"2":7,"3":42},"b":{"0":[7,5],"1":[2,40],"2":[11,11],"3":[5,6],"4":[11,11],"5":[5,6],"6":[11,11],"7":[5,6],"8":[11,11],"9":[5,6],"10":[10,12],"11":[19,3],"12":[10,12],"13":[19,3]},"_coverageSchema":"43e27e138ebf9cfc5966b082cf9a028302ed4184","hash":"ef6046991726647fd5ac03862b7c4ef8a9fd2dc5"}
}
