TN:
SF:/home/aaron/Documents/react-card-flip/src/ReactCardFlip.tsx
FN:3,(anonymous_0)
FN:20,(anonymous_1)
FN:23,(anonymous_2)
FN:27,(anonymous_3)
FNF:4
FNH:4
FNDA:22,(anonymous_0)
FNDA:12,(anonymous_1)
FNDA:7,(anonymous_2)
FNDA:42,(anonymous_3)
DA:3,1
DA:15,22
DA:17,22
DA:18,22
DA:20,22
DA:21,12
DA:22,7
DA:23,7
DA:27,22
DA:28,42
DA:29,2
DA:33,40
DA:36,22
DA:39,22
DA:42,22
DA:45,22
DA:49,22
DA:88,22
DA:106,1
LF:19
LH:19
BRDA:21,0,0,7
BRDA:21,0,1,5
BRDA:28,1,0,2
BRDA:28,1,1,40
BRDA:37,2,0,11
BRDA:37,2,1,11
BRDA:37,3,0,5
BRDA:37,3,1,6
BRDA:40,4,0,11
BRDA:40,4,1,11
BRDA:40,5,0,5
BRDA:40,5,1,6
BRDA:43,6,0,11
BRDA:43,6,1,11
BRDA:43,7,0,5
BRDA:43,7,1,6
BRDA:46,8,0,11
BRDA:46,8,1,11
BRDA:46,9,0,5
BRDA:46,9,1,6
BRDA:63,10,0,10
BRDA:63,10,1,12
BRDA:65,11,0,19
BRDA:65,11,1,3
BRDA:77,12,0,10
BRDA:77,12,1,12
BRDA:78,13,0,19
BRDA:78,13,1,3
BRF:28
BRH:28
end_of_record
